  TNode.cpp
  Variable.cpp
c:\users\user\documents\school\curr\cs3201-2\cs3201-spa\emptygeneraltesting\source\pkb\statementcontainer.h(15): error C2061: syntax error: identifier 'Statement'
c:\users\user\documents\school\curr\cs3201-2\cs3201-spa\emptygeneraltesting\source\pkb\statementlist.h(9): error C2065: 'Statement': undeclared identifier
c:\users\user\documents\school\curr\cs3201-2\cs3201-spa\emptygeneraltesting\source\pkb\statementlist.h(9): error C2923: 'std::vector': 'Statement' is not a valid template type argument for parameter '_Ty'
c:\users\user\documents\school\curr\cs3201-2\cs3201-spa\emptygeneraltesting\source\pkb\statementlist.h(9): error C3203: 'allocator': unspecialized class template can't be used as a template argument for template parameter '_Alloc', expected a real type
c:\users\user\documents\school\curr\cs3201-2\cs3201-spa\emptygeneraltesting\source\pkb\statementlist.h(13): error C2061: syntax error: identifier 'Statement'
c:\users\user\documents\school\curr\cs3201-2\cs3201-spa\emptygeneraltesting\source\pkb\procedure.h(16): error C2061: syntax error: identifier 'Statement'
  StatementList.cpp
c:\users\user\documents\school\curr\cs3201-2\cs3201-spa\emptygeneraltesting\source\pkb\statementcontainer.h(15): error C2061: syntax error: identifier 'Statement'
c:\users\user\documents\school\curr\cs3201-2\cs3201-spa\emptygeneraltesting\source\pkb\procedure.h(12): error C3646: 'stmtLst': unknown override specifier
c:\users\user\documents\school\curr\cs3201-2\cs3201-spa\emptygeneraltesting\source\pkb\procedure.h(12): error C4430: missing type specifier - int assumed. Note: C++ does not support default-int
c:\users\user\documents\school\curr\cs3201-2\cs3201-spa\emptygeneraltesting\source\pkb\procedure.h(16): error C2061: syntax error: identifier 'Statement'
c:\users\user\documents\school\curr\cs3201-2\cs3201-spa\emptygeneraltesting\source\pkb\statementlist.cpp(5): error C2039: 'setStmtLst': is not a member of 'Statement'
  c:\users\user\documents\school\curr\cs3201-2\cs3201-spa\emptygeneraltesting\source\pkb\statement.h(9): note: see declaration of 'Statement'
  StatementContainer.cpp
  Statement.cpp
c:\users\user\documents\school\curr\cs3201-2\cs3201-spa\emptygeneraltesting\source\pkb\statementcontainer.h(15): error C2061: syntax error: identifier 'Statement'
c:\users\user\documents\school\curr\cs3201-2\cs3201-spa\emptygeneraltesting\source\pkb\statementlist.h(9): error C2065: 'Statement': undeclared identifier
c:\users\user\documents\school\curr\cs3201-2\cs3201-spa\emptygeneraltesting\source\pkb\statementlist.h(9): error C2923: 'std::vector': 'Statement' is not a valid template type argument for parameter '_Ty'
c:\users\user\documents\school\curr\cs3201-2\cs3201-spa\emptygeneraltesting\source\pkb\statementlist.h(9): error C3203: 'allocator': unspecialized class template can't be used as a template argument for template parameter '_Alloc', expected a real type
c:\users\user\documents\school\curr\cs3201-2\cs3201-spa\emptygeneraltesting\source\pkb\statementlist.h(13): error C2061: syntax error: identifier 'Statement'
c:\users\user\documents\school\curr\cs3201-2\cs3201-spa\emptygeneraltesting\source\pkb\procedure.h(16): error C2061: syntax error: identifier 'Statement'
  Procedure.cpp
c:\users\user\documents\school\curr\cs3201-2\cs3201-spa\emptygeneraltesting\source\pkb\statement.h(16): error C3646: 'parentProcedure': unknown override specifier
c:\users\user\documents\school\curr\cs3201-2\cs3201-spa\emptygeneraltesting\source\pkb\statement.h(16): error C4430: missing type specifier - int assumed. Note: C++ does not support default-int
c:\users\user\documents\school\curr\cs3201-2\cs3201-spa\emptygeneraltesting\source\pkb\statement.h(21): error C2061: syntax error: identifier 'Procedure'
c:\users\user\documents\school\curr\cs3201-2\cs3201-spa\emptygeneraltesting\source\pkb\statement.h(28): error C3646: 'getParentProcedure': unknown override specifier
c:\users\user\documents\school\curr\cs3201-2\cs3201-spa\emptygeneraltesting\source\pkb\statement.h(28): error C2059: syntax error: '('
c:\users\user\documents\school\curr\cs3201-2\cs3201-spa\emptygeneraltesting\source\pkb\statement.h(28): error C2238: unexpected token(s) preceding ';'
  PKB.cpp
c:\users\user\documents\school\curr\cs3201-2\cs3201-spa\emptygeneraltesting\source\pkb\statementcontainer.h(15): error C2061: syntax error: identifier 'Statement'
c:\users\user\documents\school\curr\cs3201-2\cs3201-spa\emptygeneraltesting\source\pkb\statementlist.h(9): error C2065: 'Statement': undeclared identifier
c:\users\user\documents\school\curr\cs3201-2\cs3201-spa\emptygeneraltesting\source\pkb\statementlist.h(9): error C2923: 'std::vector': 'Statement' is not a valid template type argument for parameter '_Ty'
c:\users\user\documents\school\curr\cs3201-2\cs3201-spa\emptygeneraltesting\source\pkb\statementlist.h(9): error C3203: 'allocator': unspecialized class template can't be used as a template argument for template parameter '_Alloc', expected a real type
c:\users\user\documents\school\curr\cs3201-2\cs3201-spa\emptygeneraltesting\source\pkb\statementlist.h(13): error C2061: syntax error: identifier 'Statement'
c:\users\user\documents\school\curr\cs3201-2\cs3201-spa\emptygeneraltesting\source\pkb\procedure.h(16): error C2061: syntax error: identifier 'Statement'
c:\users\user\documents\school\curr\cs3201-2\cs3201-spa\emptygeneraltesting\source\pkb\assignstatement.h(14): error C2512: 'Statement': no appropriate default constructor available
  c:\users\user\documents\school\curr\cs3201-2\cs3201-spa\emptygeneraltesting\source\pkb\statement.h(9): note: see declaration of 'Statement'
c:\users\user\documents\school\curr\cs3201-2\cs3201-spa\emptygeneraltesting\source\pkb\pkb.cpp(28): error C2660: 'StatementContainer::addStatement': function does not take 1 arguments
c:\users\user\documents\school\curr\cs3201-2\cs3201-spa\emptygeneraltesting\source\pkb\pkb.cpp(36): error C2660: 'StatementContainer::addStatement': function does not take 1 arguments
  Expression.cpp
c:\users\user\documents\school\curr\cs3201-2\cs3201-spa\emptygeneraltesting\source\pkb\statementcontainer.h(15): error C2061: syntax error: identifier 'Statement'
c:\users\user\documents\school\curr\cs3201-2\cs3201-spa\emptygeneraltesting\source\pkb\statementlist.h(9): error C2065: 'Statement': undeclared identifier
c:\users\user\documents\school\curr\cs3201-2\cs3201-spa\emptygeneraltesting\source\pkb\statementlist.h(9): error C2923: 'std::vector': 'Statement' is not a valid template type argument for parameter '_Ty'
c:\users\user\documents\school\curr\cs3201-2\cs3201-spa\emptygeneraltesting\source\pkb\statementlist.h(9): error C3203: 'allocator': unspecialized class template can't be used as a template argument for template parameter '_Alloc', expected a real type
c:\users\user\documents\school\curr\cs3201-2\cs3201-spa\emptygeneraltesting\source\pkb\statementlist.h(13): error C2061: syntax error: identifier 'Statement'
c:\users\user\documents\school\curr\cs3201-2\cs3201-spa\emptygeneraltesting\source\pkb\procedure.h(16): error C2061: syntax error: identifier 'Statement'
  Parser.cpp
  DesignExtractor.cpp
  Generating Code...
